<?xml version="1.0" encoding="UTF-8"?>
<!-- Generated by org.testng.reporters.JUnitReportReporter -->
<testsuite hostname="VAIO" name="com.testcases.VerifyShoesForAMonth" tests="1" failures="0" timestamp="9 May 2015 16:02:52 GMT" time="11.179" errors="0">
  <testcase name="verifyShoesForAMonth" time="11.179" classname="com.testcases.VerifyShoesForAMonth"/>
</testsuite> <!-- com.testcases.VerifyShoesForAMonth -->
